This is TeX, C Version 3.14t5 (format=nldlplain 93.3.30)  21 MAR 1994 13:18
**document
(document.tex
LaTeX Version 2.09 <1 December 1991>
(/usr/local/lib/tex/macros/article.sty
Standard Document Style `article' <13 Nov 91>.
(/usr/local/lib/tex/macros/art10.sty)
\c@part=\count79
\c@section=\count80
\c@subsection=\count81
\c@subsubsection=\count82
\c@paragraph=\count83
\c@subparagraph=\count84
\c@figure=\count85
\c@table=\count86
)
(/users1/vannoord/TeX/inputs/gj_bib_art.sty
(/users1/vannoord/TeX/inputs/gj_bib.sty))
(/usr/local/lib/tex/macros/a4wide.sty (/usr/local/lib/tex/macros/a4.sty))
(/usr/local/lib/tex/macros/leqno.sty
Document style option `leqno' - released 29 Sep 1991
) (/usr/local/lib/tex/macros/fleqn.sty
Document style option `fleqn' - Released 04 Nov 91
\mathindent=\dimen99
) (/users1/gosse/tex/prolog.sty
\prologindent=\skip41
\bodyindent=\skip42
\prologsep=\skip43
) (/users1/gosse/tex/matrix.sty) (document.aux)
(document.toc)
\tf@toc=\write3
 [1

]
Overfull \hbox (0.40327pt too wide) in paragraph at lines 29--46
[]\cmr/m/n/10 Second, a verb may form a `ver-bal com-plex' or `verb clus-ter' w
ith the head of its \cmr/m/sc/10 vp\cmr/m/n/10 -complement.

\hbox(6.94444+1.94444)x424.58624, glue set - 1.0
.\hbox(0.0+0.0)x15.0
.\cmr/m/n/10 S
.\cmr/m/n/10 e
.\cmr/m/n/10 c
.\cmr/m/n/10 o
.etc.

[2] [3] [4] [5] [6] [7] [8]
Overfull \hbox (3.24051pt too wide) detected at line 775
$ []$ [][]

\hbox(8.39996+39.60004)x424.58624
.\mathon
.\glue 25.0
.\hbox(8.39996+39.60004)x402.81676
..\hbox(8.39996+39.60004)x402.81676
...\mathon
...\vbox(8.39996+39.60004)x402.81676 []
...\mathoff
.\mathoff
.\glue 0.0 plus 1.0fil
.etc.

[9] [10] [11] [12] [13] [14] [15] [16] [17] [18] [19] [20] [21] (document.bbl
[22]) [23] (document.aux) ) 
Here is how much of TeX's memory you used:
 397 strings out of 4432
 3686 string characters out of 157871
 39785 words of memory out of 262141
 2352 multiletter control sequences out of 9500
 11441 words of font info for 45 fonts, out of 72000 for 255
 14 hyphenation exceptions out of 607
 16i,13n,18p,1139b,300s stack positions out of 300i,80n,60p,3000b,4000s

Output written on document.dvi (23 pages, 98640 bytes).
